<?xml version="1.0" encoding="UTF-8" ?>
<testsuites name="vitest tests" tests="178" failures="0" errors="0" time="2.4374736">
    <testsuite name="src/actions/__tests__/ai-grading.test.ts" timestamp="2026-08-14T04:01:00.266Z" hostname="DESKTOP-V0JD0BU" tests="2" failures="0" errors="0" skipped="0" time="0.0063198">
        <testcase classname="src/actions/__tests__/ai-grading.test.ts" name="evaluateEssayWithAI &gt; should return error if API key is missing" time="0.0030699">
        </testcase>
        <testcase classname="src/actions/__tests__/ai-grading.test.ts" name="evaluateEssayWithAI &gt; should handle empty student answer with 0 score" time="0.001532">
        </testcase>
    </testsuite>
    <testsuite name="src/components/__tests__/BankQuestionCard.test.tsx" timestamp="2026-08-14T04:01:00.267Z" hostname="DESKTOP-V0JD0BU" tests="2" failures="0" errors="0" skipped="0" time="0.132464">
        <testcase classname="src/components/__tests__/BankQuestionCard.test.tsx" name="BankQuestionCard &gt; renders question details, tags, and points" time="0.0841059">
        </testcase>
        <testcase classname="src/components/__tests__/BankQuestionCard.test.tsx" name="BankQuestionCard &gt; handles edit and delete actions" time="0.0445932">
        </testcase>
    </testsuite>
    <testsuite name="src/components/__tests__/DashboardAnalytics.test.tsx" timestamp="2026-08-14T04:01:00.269Z" hostname="DESKTOP-V0JD0BU" tests="1" failures="0" errors="0" skipped="0" time="0.1328361">
        <testcase classname="src/components/__tests__/DashboardAnalytics.test.tsx" name="DashboardAnalytics Component &gt; renders score distribution and question bank composition" time="0.1298354">
        </testcase>
    </testsuite>
    <testsuite name="src/components/__tests__/ExamHeader.test.tsx" timestamp="2026-08-14T04:01:00.269Z" hostname="DESKTOP-V0JD0BU" tests="7" failures="0" errors="0" skipped="0" time="0.2010088">
        <testcase classname="src/components/__tests__/ExamHeader.test.tsx" name="ExamHeader &gt; renders question number and total correctly" time="0.088639">
        </testcase>
        <testcase classname="src/components/__tests__/ExamHeader.test.tsx" name="ExamHeader &gt; formats time remaining correctly (HH:MM:SS)" time="0.0098695">
        </testcase>
        <testcase classname="src/components/__tests__/ExamHeader.test.tsx" name="ExamHeader &gt; displays auto-saving indicator when autoSaving is true" time="0.009962">
        </testcase>
        <testcase classname="src/components/__tests__/ExamHeader.test.tsx" name="ExamHeader &gt; does not display auto-saving indicator when autoSaving is false" time="0.0127861">
        </testcase>
        <testcase classname="src/components/__tests__/ExamHeader.test.tsx" name="ExamHeader &gt; calls onShowSubmit when submit button clicked" time="0.0601276">
        </testcase>
        <testcase classname="src/components/__tests__/ExamHeader.test.tsx" name="ExamHeader &gt; applies destructive styling when time is under 5 minutes" time="0.0109678">
        </testcase>
        <testcase classname="src/components/__tests__/ExamHeader.test.tsx" name="ExamHeader &gt; applies primary styling when time is above 5 minutes" time="0.0053133">
        </testcase>
    </testsuite>
    <testsuite name="src/components/__tests__/GradingDetailHeader.test.tsx" timestamp="2026-08-14T04:01:00.273Z" hostname="DESKTOP-V0JD0BU" tests="10" failures="0" errors="0" skipped="0" time="0.2938509">
        <testcase classname="src/components/__tests__/GradingDetailHeader.test.tsx" name="GradingDetailHeader &gt; returns null when submission is null" time="0.0194688">
        </testcase>
        <testcase classname="src/components/__tests__/GradingDetailHeader.test.tsx" name="GradingDetailHeader &gt; renders student name and session name" time="0.071341">
        </testcase>
        <testcase classname="src/components/__tests__/GradingDetailHeader.test.tsx" name="GradingDetailHeader &gt; shows draft badge when gradingStatus is draft" time="0.0118873">
        </testcase>
        <testcase classname="src/components/__tests__/GradingDetailHeader.test.tsx" name="GradingDetailHeader &gt; shows published badge when gradingStatus is published" time="0.0134715">
        </testcase>
        <testcase classname="src/components/__tests__/GradingDetailHeader.test.tsx" name="GradingDetailHeader &gt; renders score correctly" time="0.0129826">
        </testcase>
        <testcase classname="src/components/__tests__/GradingDetailHeader.test.tsx" name="GradingDetailHeader &gt; calls onSave when save button is clicked" time="0.1174984">
        </testcase>
        <testcase classname="src/components/__tests__/GradingDetailHeader.test.tsx" name="GradingDetailHeader &gt; calls onPublish when publish button is clicked" time="0.0144349">
        </testcase>
        <testcase classname="src/components/__tests__/GradingDetailHeader.test.tsx" name="GradingDetailHeader &gt; disables save button when saving is true" time="0.0116448">
        </testcase>
        <testcase classname="src/components/__tests__/GradingDetailHeader.test.tsx" name="GradingDetailHeader &gt; navigates between submissions" time="0.0075552">
        </testcase>
        <testcase classname="src/components/__tests__/GradingDetailHeader.test.tsx" name="GradingDetailHeader &gt; renders navigation counter text" time="0.0100412">
        </testcase>
    </testsuite>
    <testsuite name="src/components/__tests__/GradingItemCard.test.tsx" timestamp="2026-08-14T04:01:00.276Z" hostname="DESKTOP-V0JD0BU" tests="2" failures="0" errors="0" skipped="0" time="0.121835">
        <testcase classname="src/components/__tests__/GradingItemCard.test.tsx" name="GradingItemCard &gt; renders multiple choice question and choices correctly" time="0.0744668">
        </testcase>
        <testcase classname="src/components/__tests__/GradingItemCard.test.tsx" name="GradingItemCard &gt; renders essay question with manual score input" time="0.0440995">
        </testcase>
    </testsuite>
    <testsuite name="src/components/__tests__/OfflineSyncBanner.test.tsx" timestamp="2026-08-14T04:01:00.277Z" hostname="DESKTOP-V0JD0BU" tests="4" failures="0" errors="0" skipped="0" time="0.0988221">
        <testcase classname="src/components/__tests__/OfflineSyncBanner.test.tsx" name="OfflineSyncBanner Component &gt; renders nothing when online and no pending answers" time="0.0207645">
        </testcase>
        <testcase classname="src/components/__tests__/OfflineSyncBanner.test.tsx" name="OfflineSyncBanner Component &gt; displays offline warning banner when offline" time="0.0240822">
        </testcase>
        <testcase classname="src/components/__tests__/OfflineSyncBanner.test.tsx" name="OfflineSyncBanner Component &gt; displays syncing status when isSyncing is true" time="0.0052253">
        </testcase>
        <testcase classname="src/components/__tests__/OfflineSyncBanner.test.tsx" name="OfflineSyncBanner Component &gt; allows manual sync when back online with pending answers" time="0.0453978">
        </testcase>
    </testsuite>
    <testsuite name="src/components/__tests__/SecurityWarningBanner.test.tsx" timestamp="2026-08-14T04:01:00.278Z" hostname="DESKTOP-V0JD0BU" tests="3" failures="0" errors="0" skipped="0" time="0.0918113">
        <testcase classname="src/components/__tests__/SecurityWarningBanner.test.tsx" name="SecurityWarningBanner &gt; returns null if violationCount is 0" time="0.0208365">
        </testcase>
        <testcase classname="src/components/__tests__/SecurityWarningBanner.test.tsx" name="SecurityWarningBanner &gt; renders banner with count and translated violation type" time="0.022327">
        </testcase>
        <testcase classname="src/components/__tests__/SecurityWarningBanner.test.tsx" name="SecurityWarningBanner &gt; handles onDismiss callback" time="0.0453359">
        </testcase>
    </testsuite>
    <testsuite name="src/components/__tests__/SubmitDialog.test.tsx" timestamp="2026-08-14T04:01:00.279Z" hostname="DESKTOP-V0JD0BU" tests="3" failures="0" errors="0" skipped="0" time="0.2892526">
        <testcase classname="src/components/__tests__/SubmitDialog.test.tsx" name="SubmitDialog &gt; renders answered status and total questions" time="0.1760979">
        </testcase>
        <testcase classname="src/components/__tests__/SubmitDialog.test.tsx" name="SubmitDialog &gt; disables submit button when minimum elapsed time is not met" time="0.0724112">
        </testcase>
        <testcase classname="src/components/__tests__/SubmitDialog.test.tsx" name="SubmitDialog &gt; triggers onSubmit callback when submit button clicked and allowed" time="0.037353">
        </testcase>
    </testsuite>
    <testsuite name="src/components/__tests__/TerminatedExamView.test.tsx" timestamp="2026-08-14T04:01:00.279Z" hostname="DESKTOP-V0JD0BU" tests="2" failures="0" errors="0" skipped="0" time="0.0945813">
        <testcase classname="src/components/__tests__/TerminatedExamView.test.tsx" name="TerminatedExamView &gt; renders termination message and violation count" time="0.0778291">
        </testcase>
        <testcase classname="src/components/__tests__/TerminatedExamView.test.tsx" name="TerminatedExamView &gt; triggers onReturn callback when button clicked" time="0.0126797">
        </testcase>
    </testsuite>
    <testsuite name="src/lib/__tests__/activity-logger.test.ts" timestamp="2026-08-14T04:01:00.280Z" hostname="DESKTOP-V0JD0BU" tests="8" failures="0" errors="0" skipped="0" time="0.0037031">
        <testcase classname="src/lib/__tests__/activity-logger.test.ts" name="activity-logger &gt; logActivity function &gt; should export logActivity function" time="0.001118">
        </testcase>
        <testcase classname="src/lib/__tests__/activity-logger.test.ts" name="activity-logger &gt; ActivityLogger structure &gt; should export ActivityLogger object" time="0.0001491">
        </testcase>
        <testcase classname="src/lib/__tests__/activity-logger.test.ts" name="activity-logger &gt; ActivityLogger structure &gt; should have user methods" time="0.0002214">
        </testcase>
        <testcase classname="src/lib/__tests__/activity-logger.test.ts" name="activity-logger &gt; ActivityLogger structure &gt; should have subject methods" time="0.0001873">
        </testcase>
        <testcase classname="src/lib/__tests__/activity-logger.test.ts" name="activity-logger &gt; ActivityLogger structure &gt; should have class methods" time="0.0001946">
        </testcase>
        <testcase classname="src/lib/__tests__/activity-logger.test.ts" name="activity-logger &gt; ActivityLogger structure &gt; should have examSession methods" time="0.0001816">
        </testcase>
        <testcase classname="src/lib/__tests__/activity-logger.test.ts" name="activity-logger &gt; ActivityLogger structure &gt; should have examTemplate methods" time="0.0001639">
        </testcase>
        <testcase classname="src/lib/__tests__/activity-logger.test.ts" name="activity-logger &gt; ActivityLogger structure &gt; should have questionBank methods" time="0.0001532">
        </testcase>
    </testsuite>
    <testsuite name="src/lib/__tests__/api-handler.test.ts" timestamp="2026-08-14T04:01:00.281Z" hostname="DESKTOP-V0JD0BU" tests="9" failures="0" errors="0" skipped="0" time="0.0286112">
        <testcase classname="src/lib/__tests__/api-handler.test.ts" name="apiHandler &gt; should wrap handler result in { data } envelope" time="0.0097296">
        </testcase>
        <testcase classname="src/lib/__tests__/api-handler.test.ts" name="apiHandler &gt; should preserve { data, metadata } structure when returned by handler" time="0.0011671">
        </testcase>
        <testcase classname="src/lib/__tests__/api-handler.test.ts" name="apiHandler &gt; should handle ApiError with custom status" time="0.0076451">
            <system-err>
API Error: ApiError: Not found
    at D:/NodeJs/CartaExam/src/lib/__tests__/api-handler.test.ts:34:19
    at apiHandler (D:/NodeJs/CartaExam/src/lib/api-handler.ts:27:30)
    at D:/NodeJs/CartaExam/src/lib/__tests__/api-handler.test.ts:33:32
    at [90mfile:///D:/NodeJs/CartaExam/[39mnode_modules/[4m@vitest/runner[24m/dist/index.js:145:11
    at [90mfile:///D:/NodeJs/CartaExam/[39mnode_modules/[4m@vitest/runner[24m/dist/index.js:915:26
    at [90mfile:///D:/NodeJs/CartaExam/[39mnode_modules/[4m@vitest/runner[24m/dist/index.js:1240:20
    at new Promise (&lt;anonymous&gt;)
    at runWithTimeout [90m(file:///D:/NodeJs/CartaExam/[39mnode_modules/[4m@vitest/runner[24m/dist/index.js:1206:10[90m)[39m
    at [90mfile:///D:/NodeJs/CartaExam/[39mnode_modules/[4m@vitest/runner[24m/dist/index.js:1650:37
    at Traces.$ [90m(file:///D:/NodeJs/CartaExam/[39mnode_modules/[4mvitest[24m/dist/chunks/traces.U4xDYhzZ.js:115:27[90m)[39m {
  status: [33m404[39m
}

            </system-err>
        </testcase>
        <testcase classname="src/lib/__tests__/api-handler.test.ts" name="apiHandler &gt; should handle ApiError with default 500 status" time="0.0019155">
            <system-err>
API Error: ApiError: Server error
    at D:/NodeJs/CartaExam/src/lib/__tests__/api-handler.test.ts:44:19
    at apiHandler (D:/NodeJs/CartaExam/src/lib/api-handler.ts:27:30)
    at D:/NodeJs/CartaExam/src/lib/__tests__/api-handler.test.ts:43:32
    at [90mfile:///D:/NodeJs/CartaExam/[39mnode_modules/[4m@vitest/runner[24m/dist/index.js:145:11
    at [90mfile:///D:/NodeJs/CartaExam/[39mnode_modules/[4m@vitest/runner[24m/dist/index.js:915:26
    at [90mfile:///D:/NodeJs/CartaExam/[39mnode_modules/[4m@vitest/runner[24m/dist/index.js:1240:20
    at new Promise (&lt;anonymous&gt;)
    at runWithTimeout [90m(file:///D:/NodeJs/CartaExam/[39mnode_modules/[4m@vitest/runner[24m/dist/index.js:1206:10[90m)[39m
    at [90mfile:///D:/NodeJs/CartaExam/[39mnode_modules/[4m@vitest/runner[24m/dist/index.js:1650:37
    at Traces.$ [90m(file:///D:/NodeJs/CartaExam/[39mnode_modules/[4mvitest[24m/dist/chunks/traces.U4xDYhzZ.js:115:27[90m)[39m {
  status: [33m500[39m
}

            </system-err>
        </testcase>
        <testcase classname="src/lib/__tests__/api-handler.test.ts" name="apiHandler &gt; should handle generic errors with 500 status" time="0.0017781">
            <system-err>
API Error: Error: Something went wrong
    at D:/NodeJs/CartaExam/src/lib/__tests__/api-handler.test.ts:54:19
    at apiHandler (D:/NodeJs/CartaExam/src/lib/api-handler.ts:27:30)
    at D:/NodeJs/CartaExam/src/lib/__tests__/api-handler.test.ts:53:32
    at [90mfile:///D:/NodeJs/CartaExam/[39mnode_modules/[4m@vitest/runner[24m/dist/index.js:145:11
    at [90mfile:///D:/NodeJs/CartaExam/[39mnode_modules/[4m@vitest/runner[24m/dist/index.js:915:26
    at [90mfile:///D:/NodeJs/CartaExam/[39mnode_modules/[4m@vitest/runner[24m/dist/index.js:1240:20
    at new Promise (&lt;anonymous&gt;)
    at runWithTimeout [90m(file:///D:/NodeJs/CartaExam/[39mnode_modules/[4m@vitest/runner[24m/dist/index.js:1206:10[90m)[39m
    at [90mfile:///D:/NodeJs/CartaExam/[39mnode_modules/[4m@vitest/runner[24m/dist/index.js:1650:37
    at Traces.$ [90m(file:///D:/NodeJs/CartaExam/[39mnode_modules/[4mvitest[24m/dist/chunks/traces.U4xDYhzZ.js:115:27[90m)[39m

            </system-err>
        </testcase>
        <testcase classname="src/lib/__tests__/api-handler.test.ts" name="apiHandler &gt; should handle array data correctly" time="0.0020396">
        </testcase>
        <testcase classname="src/lib/__tests__/api-handler.test.ts" name="apiHandler &gt; should handle null/undefined return" time="0.0008798">
        </testcase>
        <testcase classname="src/lib/__tests__/api-handler.test.ts" name="ApiError &gt; should be an instance of Error" time="0.0005229">
        </testcase>
        <testcase classname="src/lib/__tests__/api-handler.test.ts" name="ApiError &gt; should default to status 500" time="0.0002337">
        </testcase>
    </testsuite>
    <testsuite name="src/lib/__tests__/auth-guard.test.ts" timestamp="2026-08-14T04:01:00.283Z" hostname="DESKTOP-V0JD0BU" tests="9" failures="0" errors="0" skipped="0" time="0.0159802">
        <testcase classname="src/lib/__tests__/auth-guard.test.ts" name="requireAuth &gt; should throw 401 when user is not authenticated" time="0.0080664">
        </testcase>
        <testcase classname="src/lib/__tests__/auth-guard.test.ts" name="requireAuth &gt; should return user when no roles are specified" time="0.0009239">
        </testcase>
        <testcase classname="src/lib/__tests__/auth-guard.test.ts" name="requireAuth &gt; should return user when role matches allowed roles" time="0.0005903">
        </testcase>
        <testcase classname="src/lib/__tests__/auth-guard.test.ts" name="requireAuth &gt; should throw 403 when role does not match allowed roles" time="0.0008287">
        </testcase>
        <testcase classname="src/lib/__tests__/auth-guard.test.ts" name="requireAuth &gt; should pass with empty allowed roles array" time="0.0006595">
        </testcase>
        <testcase classname="src/lib/__tests__/auth-guard.test.ts" name="requireStudent &gt; should allow student role" time="0.00059">
        </testcase>
        <testcase classname="src/lib/__tests__/auth-guard.test.ts" name="requireStudent &gt; should allow admin role" time="0.0004179">
        </testcase>
        <testcase classname="src/lib/__tests__/auth-guard.test.ts" name="requireStudent &gt; should allow teacher role" time="0.0003699">
        </testcase>
        <testcase classname="src/lib/__tests__/auth-guard.test.ts" name="requireStudent &gt; should reject unauthenticated user" time="0.0006412">
        </testcase>
    </testsuite>
    <testsuite name="src/lib/__tests__/date-utils.test.ts" timestamp="2026-08-14T04:01:00.285Z" hostname="DESKTOP-V0JD0BU" tests="11" failures="0" errors="0" skipped="0" time="0.0088402">
        <testcase classname="src/lib/__tests__/date-utils.test.ts" name="date-utils &gt; toDateTimeLocalString &gt; should convert UTC Date to datetime-local format in UTC+7" time="0.0033193">
        </testcase>
        <testcase classname="src/lib/__tests__/date-utils.test.ts" name="date-utils &gt; toDateTimeLocalString &gt; should handle string input" time="0.0003663">
        </testcase>
        <testcase classname="src/lib/__tests__/date-utils.test.ts" name="date-utils &gt; toDateTimeLocalString &gt; should handle afternoon time correctly" time="0.000262">
        </testcase>
        <testcase classname="src/lib/__tests__/date-utils.test.ts" name="date-utils &gt; toDateTimeLocalString &gt; should handle day rollover" time="0.0002859">
        </testcase>
        <testcase classname="src/lib/__tests__/date-utils.test.ts" name="date-utils &gt; fromDateTimeLocalString &gt; should convert datetime-local string to UTC Date" time="0.0003656">
        </testcase>
        <testcase classname="src/lib/__tests__/date-utils.test.ts" name="date-utils &gt; fromDateTimeLocalString &gt; should handle afternoon time correctly" time="0.000258">
        </testcase>
        <testcase classname="src/lib/__tests__/date-utils.test.ts" name="date-utils &gt; fromDateTimeLocalString &gt; should handle early morning (day rollback to UTC)" time="0.0001828">
        </testcase>
        <testcase classname="src/lib/__tests__/date-utils.test.ts" name="date-utils &gt; formatDateJakarta &gt; should format Date for display in UTC+7" time="0.0002719">
        </testcase>
        <testcase classname="src/lib/__tests__/date-utils.test.ts" name="date-utils &gt; formatDateJakarta &gt; should handle string input" time="0.0002507">
        </testcase>
        <testcase classname="src/lib/__tests__/date-utils.test.ts" name="date-utils &gt; formatDateJakarta &gt; should format afternoon time correctly" time="0.0003117">
        </testcase>
        <testcase classname="src/lib/__tests__/date-utils.test.ts" name="date-utils &gt; round-trip conversion &gt; should preserve time through conversion cycle" time="0.0002087">
        </testcase>
    </testsuite>
    <testsuite name="src/lib/__tests__/error-messages.test.ts" timestamp="2026-08-14T04:01:00.287Z" hostname="DESKTOP-V0JD0BU" tests="15" failures="0" errors="0" skipped="0" time="0.0099133">
        <testcase classname="src/lib/__tests__/error-messages.test.ts" name="error-messages &gt; getErrorInfo &gt; should return info for known error code string" time="0.0034361">
        </testcase>
        <testcase classname="src/lib/__tests__/error-messages.test.ts" name="error-messages &gt; getErrorInfo &gt; should extract error code from bracketed message" time="0.0004568">
        </testcase>
        <testcase classname="src/lib/__tests__/error-messages.test.ts" name="error-messages &gt; getErrorInfo &gt; should handle Error object with bracketed message" time="0.0003342">
        </testcase>
        <testcase classname="src/lib/__tests__/error-messages.test.ts" name="error-messages &gt; getErrorInfo &gt; should handle object with code property" time="0.000281">
        </testcase>
        <testcase classname="src/lib/__tests__/error-messages.test.ts" name="error-messages &gt; getErrorInfo &gt; should handle object with error property" time="0.0002626">
        </testcase>
        <testcase classname="src/lib/__tests__/error-messages.test.ts" name="error-messages &gt; getErrorInfo &gt; should return UNKNOWN_ERROR for unrecognized strings" time="0.0002084">
        </testcase>
        <testcase classname="src/lib/__tests__/error-messages.test.ts" name="error-messages &gt; getErrorInfo &gt; should detect network errors from TypeError" time="0.0002137">
        </testcase>
        <testcase classname="src/lib/__tests__/error-messages.test.ts" name="error-messages &gt; getErrorInfo &gt; should return UNKNOWN_ERROR for null/undefined" time="0.000287">
        </testcase>
        <testcase classname="src/lib/__tests__/error-messages.test.ts" name="error-messages &gt; getErrorInfo &gt; should include action for errors that have it" time="0.0003907">
        </testcase>
        <testcase classname="src/lib/__tests__/error-messages.test.ts" name="error-messages &gt; formatApiError &gt; should format response with known code" time="0.0003469">
        </testcase>
        <testcase classname="src/lib/__tests__/error-messages.test.ts" name="error-messages &gt; formatApiError &gt; should format response with known error" time="0.0003087">
        </testcase>
        <testcase classname="src/lib/__tests__/error-messages.test.ts" name="error-messages &gt; formatApiError &gt; should use message for unknown errors" time="0.0002606">
        </testcase>
        <testcase classname="src/lib/__tests__/error-messages.test.ts" name="error-messages &gt; formatApiError &gt; should use error as fallback description" time="0.0001469">
        </testcase>
        <testcase classname="src/lib/__tests__/error-messages.test.ts" name="error-messages &gt; formatApiError &gt; should handle empty response" time="0.0001549">
        </testcase>
        <testcase classname="src/lib/__tests__/error-messages.test.ts" name="error-messages &gt; formatApiError &gt; should prioritize code over error" time="0.0001717">
        </testcase>
    </testsuite>
    <testsuite name="src/lib/__tests__/excel-export.test.ts" timestamp="2026-08-14T04:01:00.290Z" hostname="DESKTOP-V0JD0BU" tests="2" failures="0" errors="0" skipped="0" time="0.4382023">
        <testcase classname="src/lib/__tests__/excel-export.test.ts" name="excel-export &gt; module exports &gt; should export exportToExcel function" time="0.432282">
        </testcase>
        <testcase classname="src/lib/__tests__/excel-export.test.ts" name="excel-export &gt; exportToExcel function &gt; should be callable with valid data structure" time="0.0024158">
        </testcase>
    </testsuite>
    <testsuite name="src/lib/__tests__/json-utils.test.ts" timestamp="2026-08-14T04:01:00.291Z" hostname="DESKTOP-V0JD0BU" tests="10" failures="0" errors="0" skipped="0" time="0.0258483">
        <testcase classname="src/lib/__tests__/json-utils.test.ts" name="safeJsonParse &gt; should return fallback when input is null or undefined" time="0.0028833">
        </testcase>
        <testcase classname="src/lib/__tests__/json-utils.test.ts" name="safeJsonParse &gt; should return object or array directly if already parsed" time="0.0005299">
        </testcase>
        <testcase classname="src/lib/__tests__/json-utils.test.ts" name="safeJsonParse &gt; should parse standard valid JSON string" time="0.0003543">
        </testcase>
        <testcase classname="src/lib/__tests__/json-utils.test.ts" name="safeJsonParse &gt; should parse array JSON string" time="0.0002644">
        </testcase>
        <testcase classname="src/lib/__tests__/json-utils.test.ts" name="safeJsonParse &gt; should handle double-encoded JSON strings" time="0.0003651">
        </testcase>
        <testcase classname="src/lib/__tests__/json-utils.test.ts" name="safeJsonParse &gt; should handle double-encoded JSON array strings" time="0.0003064">
        </testcase>
        <testcase classname="src/lib/__tests__/json-utils.test.ts" name="safeJsonParse &gt; should return fallback on malformed JSON string" time="0.0004305">
        </testcase>
        <testcase classname="src/lib/__tests__/json-utils.test.ts" name="safeJsonParse &gt; should return fallback on non-string primitives" time="0.0002265">
        </testcase>
        <testcase classname="src/lib/__tests__/json-utils.test.ts" name="safeJsonStringify &gt; should stringify valid objects" time="0.0004385">
        </testcase>
        <testcase classname="src/lib/__tests__/json-utils.test.ts" name="safeJsonStringify &gt; should return fallback on circular structures" time="0.0175026">
        </testcase>
    </testsuite>
    <testsuite name="src/lib/__tests__/lockdown.test.ts" timestamp="2026-08-14T04:01:00.293Z" hostname="DESKTOP-V0JD0BU" tests="6" failures="0" errors="0" skipped="0" time="0.1034256">
        <testcase classname="src/lib/__tests__/lockdown.test.ts" name="lockdown &gt; ViolationType &gt; should define valid violation types" time="0.0029722">
        </testcase>
        <testcase classname="src/lib/__tests__/lockdown.test.ts" name="lockdown &gt; module exports &gt; should export useTabSwitchDetector" time="0.0958775">
        </testcase>
        <testcase classname="src/lib/__tests__/lockdown.test.ts" name="lockdown &gt; module exports &gt; should export useAntiCopyPaste" time="0.0005253">
        </testcase>
        <testcase classname="src/lib/__tests__/lockdown.test.ts" name="lockdown &gt; module exports &gt; should export useScreenshotDetector" time="0.0004279">
        </testcase>
        <testcase classname="src/lib/__tests__/lockdown.test.ts" name="lockdown &gt; module exports &gt; should export useWatermark" time="0.0004867">
        </testcase>
        <testcase classname="src/lib/__tests__/lockdown.test.ts" name="lockdown &gt; module exports &gt; should export useLockdownMode" time="0.0002869">
        </testcase>
    </testsuite>
    <testsuite name="src/lib/__tests__/logger.test.ts" timestamp="2026-08-14T04:01:00.294Z" hostname="DESKTOP-V0JD0BU" tests="8" failures="0" errors="0" skipped="0" time="0.0127085">
        <testcase classname="src/lib/__tests__/logger.test.ts" name="logger &gt; logger instance &gt; should export a logger instance" time="0.002483">
        </testcase>
        <testcase classname="src/lib/__tests__/logger.test.ts" name="logger &gt; logger instance &gt; should have standard log methods" time="0.0008455">
        </testcase>
        <testcase classname="src/lib/__tests__/logger.test.ts" name="logger &gt; createLogger &gt; should create a child logger with context" time="0.0005179">
        </testcase>
        <testcase classname="src/lib/__tests__/logger.test.ts" name="logger &gt; convenience functions &gt; logInfo should call logger.info" time="0.0007043">
        </testcase>
        <testcase classname="src/lib/__tests__/logger.test.ts" name="logger &gt; convenience functions &gt; logWarn should call logger.warn" time="0.0004253">
        </testcase>
        <testcase classname="src/lib/__tests__/logger.test.ts" name="logger &gt; convenience functions &gt; logDebug should call logger.debug" time="0.0003135">
        </testcase>
        <testcase classname="src/lib/__tests__/logger.test.ts" name="logger &gt; convenience functions &gt; logError should handle Error objects" time="0.0043043">
        </testcase>
        <testcase classname="src/lib/__tests__/logger.test.ts" name="logger &gt; convenience functions &gt; logError should handle non-Error objects" time="0.0003442">
        </testcase>
    </testsuite>
    <testsuite name="src/lib/__tests__/offline-sync.test.ts" timestamp="2026-08-14T04:01:00.295Z" hostname="DESKTOP-V0JD0BU" tests="5" failures="0" errors="0" skipped="0" time="0.015534">
        <testcase classname="src/lib/__tests__/offline-sync.test.ts" name="offline-sync utility &gt; should save and retrieve pending answers from local queue" time="0.0041805">
        </testcase>
        <testcase classname="src/lib/__tests__/offline-sync.test.ts" name="offline-sync utility &gt; should remove individual answer from queue after sync" time="0.0008528">
        </testcase>
        <testcase classname="src/lib/__tests__/offline-sync.test.ts" name="offline-sync utility &gt; should clear all answers for a session" time="0.0007019">
        </testcase>
        <testcase classname="src/lib/__tests__/offline-sync.test.ts" name="offline-sync utility &gt; should sync pending answers to server" time="0.0020414">
        </testcase>
        <testcase classname="src/lib/__tests__/offline-sync.test.ts" name="offline-sync utility &gt; should subscribe and unsubscribe from network status events" time="0.0052585">
        </testcase>
    </testsuite>
    <testsuite name="src/lib/__tests__/randomization.test.ts" timestamp="2026-08-14T04:01:00.296Z" hostname="DESKTOP-V0JD0BU" tests="21" failures="0" errors="0" skipped="0" time="0.0231085">
        <testcase classname="src/lib/__tests__/randomization.test.ts" name="randomization &gt; shuffleArray &gt; should return array with same length" time="0.0032907">
        </testcase>
        <testcase classname="src/lib/__tests__/randomization.test.ts" name="randomization &gt; shuffleArray &gt; should contain all original elements" time="0.0012675">
        </testcase>
        <testcase classname="src/lib/__tests__/randomization.test.ts" name="randomization &gt; shuffleArray &gt; should not mutate original array" time="0.0003738">
        </testcase>
        <testcase classname="src/lib/__tests__/randomization.test.ts" name="randomization &gt; shuffleArray &gt; should handle empty array" time="0.0003111">
        </testcase>
        <testcase classname="src/lib/__tests__/randomization.test.ts" name="randomization &gt; shuffleArray &gt; should handle single element" time="0.0003106">
        </testcase>
        <testcase classname="src/lib/__tests__/randomization.test.ts" name="randomization &gt; shuffleArray &gt; should eventually produce different order (randomness test)" time="0.0004573">
        </testcase>
        <testcase classname="src/lib/__tests__/randomization.test.ts" name="randomization &gt; applyQuestionRandomization &gt; should return original order when no rules" time="0.0004348">
        </testcase>
        <testcase classname="src/lib/__tests__/randomization.test.ts" name="randomization &gt; applyQuestionRandomization &gt; should return original order when mode is missing" time="0.0002873">
        </testcase>
        <testcase classname="src/lib/__tests__/randomization.test.ts" name="randomization &gt; applyQuestionRandomization &gt; should shuffle all questions in &quot;all&quot; mode" time="0.0005615">
        </testcase>
        <testcase classname="src/lib/__tests__/randomization.test.ts" name="randomization &gt; applyQuestionRandomization &gt; should only shuffle specified types in &quot;by_type&quot; mode" time="0.003859">
        </testcase>
        <testcase classname="src/lib/__tests__/randomization.test.ts" name="randomization &gt; applyQuestionRandomization &gt; should shuffle all except specified types in &quot;exclude_type&quot; mode" time="0.0010368">
        </testcase>
        <testcase classname="src/lib/__tests__/randomization.test.ts" name="randomization &gt; applyQuestionRandomization &gt; should only shuffle specific positions in &quot;specific_numbers&quot; mode" time="0.0026454">
        </testcase>
        <testcase classname="src/lib/__tests__/randomization.test.ts" name="randomization &gt; shuffleByCondition &gt; should only shuffle items matching condition" time="0.0020498">
        </testcase>
        <testcase classname="src/lib/__tests__/randomization.test.ts" name="randomization &gt; shuffleByCondition &gt; should keep all in place when none match condition" time="0.0003451">
        </testcase>
        <testcase classname="src/lib/__tests__/randomization.test.ts" name="randomization &gt; shuffleByCondition &gt; should shuffle all when all match condition" time="0.0004122">
        </testcase>
        <testcase classname="src/lib/__tests__/randomization.test.ts" name="randomization &gt; shouldShuffleAnswers &gt; should return false when shuffleAnswers is false" time="0.0002318">
        </testcase>
        <testcase classname="src/lib/__tests__/randomization.test.ts" name="randomization &gt; shouldShuffleAnswers &gt; should return true for shuffleable types when enabled" time="0.0002488">
        </testcase>
        <testcase classname="src/lib/__tests__/randomization.test.ts" name="randomization &gt; shouldShuffleAnswers &gt; should return false for non-shuffleable types" time="0.0001609">
        </testcase>
        <testcase classname="src/lib/__tests__/randomization.test.ts" name="randomization &gt; seededShuffle &gt; should be 100% deterministic with same seed" time="0.0008272">
        </testcase>
        <testcase classname="src/lib/__tests__/randomization.test.ts" name="randomization &gt; seededShuffle &gt; should produce different order with different seeds" time="0.0003563">
        </testcase>
        <testcase classname="src/lib/__tests__/randomization.test.ts" name="randomization &gt; seededShuffle &gt; should accurately map shuffled elements back to original indices" time="0.0002805">
        </testcase>
    </testsuite>
    <testsuite name="src/lib/__tests__/rate-limit.test.ts" timestamp="2026-08-14T04:01:00.299Z" hostname="DESKTOP-V0JD0BU" tests="5" failures="0" errors="0" skipped="0" time="0.0158916">
        <testcase classname="src/lib/__tests__/rate-limit.test.ts" name="RateLimiter &gt; should allow requests within limit" time="0.0044228">
        </testcase>
        <testcase classname="src/lib/__tests__/rate-limit.test.ts" name="RateLimiter &gt; should throw when rate limit exceeded" time="0.0023392">
        </testcase>
        <testcase classname="src/lib/__tests__/rate-limit.test.ts" name="RateLimiter &gt; should track different tokens separately" time="0.0013242">
        </testcase>
        <testcase classname="src/lib/__tests__/rate-limit.test.ts" name="RateLimiter &gt; should reset count after interval" time="0.0040851">
        </testcase>
        <testcase classname="src/lib/__tests__/rate-limit.test.ts" name="RateLimiter &gt; should handle limit of 1" time="0.0008812">
        </testcase>
    </testsuite>
    <testsuite name="src/lib/__tests__/session.test.ts" timestamp="2026-08-14T04:01:00.300Z" hostname="DESKTOP-V0JD0BU" tests="5" failures="0" errors="0" skipped="0" time="0.0219432">
        <testcase classname="src/lib/__tests__/session.test.ts" name="Session Module (HMAC-SHA256 Signed Cookies) &gt; should correctly sign and verify a valid session" time="0.0111286">
        </testcase>
        <testcase classname="src/lib/__tests__/session.test.ts" name="Session Module (HMAC-SHA256 Signed Cookies) &gt; should reject tampered session payload (e.g. privilege escalation attempt)" time="0.0037725">
        </testcase>
        <testcase classname="src/lib/__tests__/session.test.ts" name="Session Module (HMAC-SHA256 Signed Cookies) &gt; should reject tampered signature" time="0.0013135">
        </testcase>
        <testcase classname="src/lib/__tests__/session.test.ts" name="Session Module (HMAC-SHA256 Signed Cookies) &gt; should reject expired session token" time="0.0026727">
        </testcase>
        <testcase classname="src/lib/__tests__/session.test.ts" name="Session Module (HMAC-SHA256 Signed Cookies) &gt; should reject malformed or empty token" time="0.0005527">
        </testcase>
    </testsuite>
    <testsuite name="src/lib/__tests__/utils.test.ts" timestamp="2026-08-14T04:01:00.300Z" hostname="DESKTOP-V0JD0BU" tests="9" failures="0" errors="0" skipped="0" time="0.0281485">
        <testcase classname="src/lib/__tests__/utils.test.ts" name="utils &gt; cn function &gt; should merge class names" time="0.0196988">
        </testcase>
        <testcase classname="src/lib/__tests__/utils.test.ts" name="utils &gt; cn function &gt; should handle conditional classes" time="0.0004823">
        </testcase>
        <testcase classname="src/lib/__tests__/utils.test.ts" name="utils &gt; cn function &gt; should merge tailwind classes correctly" time="0.0028423">
        </testcase>
        <testcase classname="src/lib/__tests__/utils.test.ts" name="utils &gt; cn function &gt; should handle object notation" time="0.0004107">
        </testcase>
        <testcase classname="src/lib/__tests__/utils.test.ts" name="utils &gt; cn function &gt; should handle array of classes" time="0.0003451">
        </testcase>
        <testcase classname="src/lib/__tests__/utils.test.ts" name="utils &gt; cn function &gt; should handle undefined and null" time="0.0002239">
        </testcase>
        <testcase classname="src/lib/__tests__/utils.test.ts" name="utils &gt; cn function &gt; should return empty string for no arguments" time="0.0002067">
        </testcase>
        <testcase classname="src/lib/__tests__/utils.test.ts" name="utils &gt; cn function &gt; should handle mixed tailwind utilities" time="0.0007041">
        </testcase>
        <testcase classname="src/lib/__tests__/utils.test.ts" name="utils &gt; cn function &gt; should preserve non-conflicting classes" time="0.0004449">
        </testcase>
    </testsuite>
    <testsuite name="src/app/api/__tests__/activities.test.ts" timestamp="2026-08-14T04:01:00.302Z" hostname="DESKTOP-V0JD0BU" tests="2" failures="0" errors="0" skipped="0" time="0.0099724">
        <testcase classname="src/app/api/__tests__/activities.test.ts" name="GET /api/admin/activities &gt; should reject unauthorized requests" time="0.0050081">
            <system-err>
Error fetching activities: { message: [32m&apos;Unauthorized&apos;[39m, status: [33m401[39m }

            </system-err>
        </testcase>
        <testcase classname="src/app/api/__tests__/activities.test.ts" name="GET /api/admin/activities &gt; should return formatted activity logs for admin" time="0.0036645">
        </testcase>
    </testsuite>
    <testsuite name="src/app/api/__tests__/analytics.test.ts" timestamp="2026-08-14T04:01:00.302Z" hostname="DESKTOP-V0JD0BU" tests="2" failures="0" errors="0" skipped="0" time="0.010172">
        <testcase classname="src/app/api/__tests__/analytics.test.ts" name="GET /api/admin/analytics &gt; should reject unauthenticated request" time="0.0059574">
            <system-err>
Error fetching analytics: { message: [32m&apos;Unauthorized&apos;[39m, status: [33m401[39m }

            </system-err>
        </testcase>
        <testcase classname="src/app/api/__tests__/analytics.test.ts" name="GET /api/admin/analytics &gt; should return formatted analytics when authenticated" time="0.0026708">
        </testcase>
    </testsuite>
    <testsuite name="src/app/api/__tests__/auth-session.test.ts" timestamp="2026-08-14T04:01:00.303Z" hostname="DESKTOP-V0JD0BU" tests="2" failures="0" errors="0" skipped="0" time="0.0073673">
        <testcase classname="src/app/api/__tests__/auth-session.test.ts" name="GET /api/auth/session &gt; should return 401 when not authenticated" time="0.0048196">
        </testcase>
        <testcase classname="src/app/api/__tests__/auth-session.test.ts" name="GET /api/auth/session &gt; should return user session with 200 when authenticated" time="0.0013043">
        </testcase>
    </testsuite>
    <testsuite name="src/app/api/__tests__/backup.test.ts" timestamp="2026-08-14T04:01:00.303Z" hostname="DESKTOP-V0JD0BU" tests="2" failures="0" errors="0" skipped="0" time="0.0088352">
        <testcase classname="src/app/api/__tests__/backup.test.ts" name="GET /api/admin/backup &gt; should reject non-admin users" time="0.0046634">
            <system-err>
Backup error: { message: [32m&apos;Unauthorized&apos;[39m, status: [33m403[39m }

            </system-err>
        </testcase>
        <testcase classname="src/app/api/__tests__/backup.test.ts" name="GET /api/admin/backup &gt; should export database backup JSON with attachment header" time="0.0027918">
        </testcase>
    </testsuite>
    <testsuite name="src/app/api/__tests__/bulk-export.test.ts" timestamp="2026-08-14T04:01:00.305Z" hostname="DESKTOP-V0JD0BU" tests="2" failures="0" errors="0" skipped="0" time="0.0318707">
        <testcase classname="src/app/api/__tests__/bulk-export.test.ts" name="GET /api/users/bulk-export &gt; should reject non-admin requests" time="0.0116728">
            <system-err>
Error exporting users: { message: [32m&apos;Unauthorized&apos;[39m, status: [33m403[39m }

            </system-err>
        </testcase>
        <testcase classname="src/app/api/__tests__/bulk-export.test.ts" name="GET /api/users/bulk-export &gt; should export Excel template when type is template" time="0.0180974">
        </testcase>
    </testsuite>
    <testsuite name="src/app/api/__tests__/notifications.test.ts" timestamp="2026-08-14T04:01:00.305Z" hostname="DESKTOP-V0JD0BU" tests="2" failures="0" errors="0" skipped="0" time="0.0115937">
        <testcase classname="src/app/api/__tests__/notifications.test.ts" name="GET /api/notifications &gt; should return empty notifications if not authenticated" time="0.0069698">
        </testcase>
        <testcase classname="src/app/api/__tests__/notifications.test.ts" name="GET /api/notifications &gt; should return student notifications when logged in as student" time="0.0026493">
        </testcase>
    </testsuite>
    <testsuite name="src/app/api/__tests__/upload.test.ts" timestamp="2026-08-14T04:01:00.306Z" hostname="DESKTOP-V0JD0BU" tests="3" failures="0" errors="0" skipped="0" time="0.0239649">
        <testcase classname="src/app/api/__tests__/upload.test.ts" name="POST /api/upload &gt; should reject unauthorized requests" time="0.0145028">
            <system-err>
Upload error: {
  message: [32m&apos;Unauthorized - Silakan login terlebih dahulu&apos;[39m,
  status: [33m401[39m
}

            </system-err>
        </testcase>
        <testcase classname="src/app/api/__tests__/upload.test.ts" name="POST /api/upload &gt; should reject missing file in formData" time="0.0038779">
        </testcase>
        <testcase classname="src/app/api/__tests__/upload.test.ts" name="POST /api/upload &gt; should reject disallowed file types" time="0.0031437">
        </testcase>
    </testsuite>
    <testsuite name="src/components/ui/__tests__/button.test.tsx" timestamp="2026-08-14T04:01:00.307Z" hostname="DESKTOP-V0JD0BU" tests="4" failures="0" errors="0" skipped="0" time="0.119057">
        <testcase classname="src/components/ui/__tests__/button.test.tsx" name="Button Component &gt; renders button with text" time="0.0488103">
        </testcase>
        <testcase classname="src/components/ui/__tests__/button.test.tsx" name="Button Component &gt; handles click events" time="0.0098124">
        </testcase>
        <testcase classname="src/components/ui/__tests__/button.test.tsx" name="Button Component &gt; renders destructive variant" time="0.0514302">
        </testcase>
        <testcase classname="src/components/ui/__tests__/button.test.tsx" name="Button Component &gt; can be disabled" time="0.0057889">
        </testcase>
    </testsuite>
</testsuites>
